# project SimpleBT (0.1) configured on Sat Jan 17 10:49:48 2015 by
# waf 1.8.2 (abi 98, python 20706f0 on linux2)
# using ./waf configure --with-tests
#
----------------------------------------
Setting top to
/home/cs118/CS118-Project-SimpleBT
----------------------------------------
Setting out to
/home/cs118/CS118-Project-SimpleBT/build
----------------------------------------
Checking for 'gcc' (C compiler)
find program=['gcc', 'cc'] paths=['/usr/local/sbin', '/usr/local/bin', '/usr/sbin', '/usr/bin', '/sbin', '/bin', '/usr/games', '/usr/local/games'] var='CC' -> ['/usr/bin/gcc']
find program=['ar'] paths=['/usr/local/sbin', '/usr/local/bin', '/usr/sbin', '/usr/bin', '/sbin', '/bin', '/usr/games', '/usr/local/games'] var='AR' -> ['/usr/bin/ar']
/usr/bin/gcc
----------------------------------------
Checking for 'g++' (C++ compiler)
find program=['g++', 'c++'] paths=['/usr/local/sbin', '/usr/local/bin', '/usr/sbin', '/usr/bin', '/sbin', '/bin', '/usr/games', '/usr/local/games'] var='CXX' -> ['/usr/bin/g++']
(tool ar is already loaded, skipping)
/usr/bin/g++
----------------------------------------
Checking supported CXXFLAGS
==>

int main(int argc, char **argv) {
	(void)argc; (void)argv;
	return 0;
}

<==
[1/2] Compiling [32mbuild/.conf_check_c6250f08cd612409ff069a8f47585f43/test.cpp[0m

['/usr/bin/g++', '-Werror', '-std=c++0x', '../test.cpp', '-c', '-o', '/home/cs118/CS118-Project-SimpleBT/build/.conf_check_c6250f08cd612409ff069a8f47585f43/testbuild/test.cpp.1.o']
[2/2] Linking [33mbuild/.conf_check_c6250f08cd612409ff069a8f47585f43/testbuild/testprog[0m

['/usr/bin/g++', 'test.cpp.1.o', '-o', '/home/cs118/CS118-Project-SimpleBT/build/.conf_check_c6250f08cd612409ff069a8f47585f43/testbuild/testprog', '-Wl,-Bstatic', '-Wl,-Bdynamic']
==>

int main(int argc, char **argv) {
	(void)argc; (void)argv;
	return 0;
}

<==
[1/2] Compiling [32mbuild/.conf_check_08d45e610fc7f0bf1c32954b7e01811a/test.cpp[0m

['/usr/bin/g++', '-Werror', '-std=c++11', '../test.cpp', '-c', '-o', '/home/cs118/CS118-Project-SimpleBT/build/.conf_check_08d45e610fc7f0bf1c32954b7e01811a/testbuild/test.cpp.1.o']
[2/2] Linking [33mbuild/.conf_check_08d45e610fc7f0bf1c32954b7e01811a/testbuild/testprog[0m

['/usr/bin/g++', 'test.cpp.1.o', '-o', '/home/cs118/CS118-Project-SimpleBT/build/.conf_check_08d45e610fc7f0bf1c32954b7e01811a/testbuild/testprog', '-Wl,-Bstatic', '-Wl,-Bdynamic']
==>

int main(int argc, char **argv) {
	(void)argc; (void)argv;
	return 0;
}

<==
[1/2] Compiling [32mbuild/.conf_check_5b3b6eca1305cac261de92608bb1eb70/test.cpp[0m

['/usr/bin/g++', '-Werror', '-stdlib=libc++', '../test.cpp', '-c', '-o', '/home/cs118/CS118-Project-SimpleBT/build/.conf_check_5b3b6eca1305cac261de92608bb1eb70/testbuild/test.cpp.1.o']
err: g++: error: unrecognized command line option â€˜-stdlib=libc++â€™

from /home/cs118/CS118-Project-SimpleBT: Test does not build: Traceback (most recent call last):
  File "/home/cs118/CS118-Project-SimpleBT/.waf-1.8.2-a01aa13963437a19e5d8748cf2afd71b/waflib/Configure.py", line 337, in run_build
    bld.compile()
  File "/home/cs118/CS118-Project-SimpleBT/.waf-1.8.2-a01aa13963437a19e5d8748cf2afd71b/waflib/Build.py", line 184, in compile
    raise Errors.BuildError(self.producer.error)
BuildError: Build failed
 -> task in 'testprog' failed (exit status 1): 
	{task 140611095242000: cxx test.cpp -> test.cpp.1.o}
['/usr/bin/g++', '-Werror', '-stdlib=libc++', '../test.cpp', '-c', '-o', '/home/cs118/CS118-Project-SimpleBT/build/.conf_check_5b3b6eca1305cac261de92608bb1eb70/testbuild/test.cpp.1.o']

from /home/cs118/CS118-Project-SimpleBT: The configuration failed
==>

int main(int argc, char **argv) {
	(void)argc; (void)argv;
	return 0;
}

<==
[1/2] Compiling [32mbuild/.conf_check_b0073c6acdc0912bd1b3fecc3f2dbcf5/test.cpp[0m

['/usr/bin/g++', '-Werror', '-pedantic', '../test.cpp', '-c', '-o', '/home/cs118/CS118-Project-SimpleBT/build/.conf_check_b0073c6acdc0912bd1b3fecc3f2dbcf5/testbuild/test.cpp.1.o']
[2/2] Linking [33mbuild/.conf_check_b0073c6acdc0912bd1b3fecc3f2dbcf5/testbuild/testprog[0m

['/usr/bin/g++', 'test.cpp.1.o', '-o', '/home/cs118/CS118-Project-SimpleBT/build/.conf_check_b0073c6acdc0912bd1b3fecc3f2dbcf5/testbuild/testprog', '-Wl,-Bstatic', '-Wl,-Bdynamic']
==>

int main(int argc, char **argv) {
	(void)argc; (void)argv;
	return 0;
}

<==
[1/2] Compiling [32mbuild/.conf_check_0f89c7ee5d6ab0507f524911b4799fd1/test.cpp[0m

['/usr/bin/g++', '-Werror', '-Wall', '../test.cpp', '-c', '-o', '/home/cs118/CS118-Project-SimpleBT/build/.conf_check_0f89c7ee5d6ab0507f524911b4799fd1/testbuild/test.cpp.1.o']
[2/2] Linking [33mbuild/.conf_check_0f89c7ee5d6ab0507f524911b4799fd1/testbuild/testprog[0m

['/usr/bin/g++', 'test.cpp.1.o', '-o', '/home/cs118/CS118-Project-SimpleBT/build/.conf_check_0f89c7ee5d6ab0507f524911b4799fd1/testbuild/testprog', '-Wl,-Bstatic', '-Wl,-Bdynamic']
==>

int main(int argc, char **argv) {
	(void)argc; (void)argv;
	return 0;
}

<==
[1/2] Compiling [32mbuild/.conf_check_72b633ed8dd233abfe068e7e010c117c/test.cpp[0m

['/usr/bin/g++', '-Werror', '-O2', '../test.cpp', '-c', '-o', '/home/cs118/CS118-Project-SimpleBT/build/.conf_check_72b633ed8dd233abfe068e7e010c117c/testbuild/test.cpp.1.o']
[2/2] Linking [33mbuild/.conf_check_72b633ed8dd233abfe068e7e010c117c/testbuild/testprog[0m

['/usr/bin/g++', 'test.cpp.1.o', '-o', '/home/cs118/CS118-Project-SimpleBT/build/.conf_check_72b633ed8dd233abfe068e7e010c117c/testbuild/testprog', '-Wl,-Bstatic', '-Wl,-Bdynamic']
==>

int main(int argc, char **argv) {
	(void)argc; (void)argv;
	return 0;
}

<==
[1/2] Compiling [32mbuild/.conf_check_5653a389100b236a81657f434e27a557/test.cpp[0m

['/usr/bin/g++', '-Werror', '-g', '../test.cpp', '-c', '-o', '/home/cs118/CS118-Project-SimpleBT/build/.conf_check_5653a389100b236a81657f434e27a557/testbuild/test.cpp.1.o']
[2/2] Linking [33mbuild/.conf_check_5653a389100b236a81657f434e27a557/testbuild/testprog[0m

['/usr/bin/g++', 'test.cpp.1.o', '-o', '/home/cs118/CS118-Project-SimpleBT/build/.conf_check_5653a389100b236a81657f434e27a557/testbuild/testprog', '-Wl,-Bstatic', '-Wl,-Bdynamic']
-std=c++0x -std=c++11 -pedantic -Wall -O2 -g
----------------------------------------
Checking supported LINKFLAGS
==>

int main(int argc, char **argv) {
	(void)argc; (void)argv;
	return 0;
}

<==
[1/2] Compiling [32mbuild/.conf_check_385d1d4588f7e0d7803ac39fd0072713/test.cpp[0m

['/usr/bin/g++', '-std=c++0x', '-std=c++11', '-pedantic', '-Wall', '-O2', '-g', '../test.cpp', '-c', '-o', '/home/cs118/CS118-Project-SimpleBT/build/.conf_check_385d1d4588f7e0d7803ac39fd0072713/testbuild/test.cpp.1.o']
[2/2] Linking [33mbuild/.conf_check_385d1d4588f7e0d7803ac39fd0072713/testbuild/testprog[0m

['/usr/bin/g++', '-Werror', '-stdlib=libc++', 'test.cpp.1.o', '-o', '/home/cs118/CS118-Project-SimpleBT/build/.conf_check_385d1d4588f7e0d7803ac39fd0072713/testbuild/testprog', '-Wl,-Bstatic', '-Wl,-Bdynamic']
err: g++: error: unrecognized command line option â€˜-stdlib=libc++â€™

from /home/cs118/CS118-Project-SimpleBT: Test does not build: Traceback (most recent call last):
  File "/home/cs118/CS118-Project-SimpleBT/.waf-1.8.2-a01aa13963437a19e5d8748cf2afd71b/waflib/Configure.py", line 337, in run_build
    bld.compile()
  File "/home/cs118/CS118-Project-SimpleBT/.waf-1.8.2-a01aa13963437a19e5d8748cf2afd71b/waflib/Build.py", line 184, in compile
    raise Errors.BuildError(self.producer.error)
BuildError: Build failed
 -> task in 'testprog' failed (exit status 1): 
	{task 140611094846864: cxxprogram test.cpp.1.o -> testprog}
['/usr/bin/g++', '-Werror', '-stdlib=libc++', 'test.cpp.1.o', '-o', '/home/cs118/CS118-Project-SimpleBT/build/.conf_check_385d1d4588f7e0d7803ac39fd0072713/testbuild/testprog', '-Wl,-Bstatic', '-Wl,-Bdynamic']

from /home/cs118/CS118-Project-SimpleBT: The configuration failed
------------------------------------------
Checking for std::is_default_constructible
==>
#include <type_traits>
static_assert(std::is_default_constructible<int>::value, "");
<==
[1/1] Compiling [32mbuild/.conf_check_011a76bd707b64a64532872eafea79c0/test.cpp[0m

['/usr/bin/g++', '-std=c++0x', '-std=c++11', '-pedantic', '-Wall', '-O2', '-g', '../test.cpp', '-c', '-o', '/home/cs118/CS118-Project-SimpleBT/build/.conf_check_011a76bd707b64a64532872eafea79c0/testbuild/test.cpp.1.o']
yes
------------------------------------------
Checking for std::is_move_constructible
==>
#include <type_traits>
static_assert(std::is_move_constructible<int>::value, "");
<==
[1/1] Compiling [32mbuild/.conf_check_635cde49bcd7a0d19164a95ce2dc4aa4/test.cpp[0m

['/usr/bin/g++', '-std=c++0x', '-std=c++11', '-pedantic', '-Wall', '-O2', '-g', '-DHAVE_IS_DEFAULT_CONSTRUCTIBLE=1', '../test.cpp', '-c', '-o', '/home/cs118/CS118-Project-SimpleBT/build/.conf_check_635cde49bcd7a0d19164a95ce2dc4aa4/testbuild/test.cpp.1.o']
yes
------------------------------------------
Checking for std::is_move_assignable
==>
#include <type_traits>
static_assert(std::is_move_assignable<int>::value, "");
<==
[1/1] Compiling [32mbuild/.conf_check_2e3121365cc25b09d250864b404ab640/test.cpp[0m

['/usr/bin/g++', '-std=c++0x', '-std=c++11', '-pedantic', '-Wall', '-O2', '-g', '-DHAVE_IS_DEFAULT_CONSTRUCTIBLE=1', '-DHAVE_IS_MOVE_CONSTRUCTIBLE=1', '../test.cpp', '-c', '-o', '/home/cs118/CS118-Project-SimpleBT/build/.conf_check_2e3121365cc25b09d250864b404ab640/testbuild/test.cpp.1.o']
yes
------------------------------------------
Checking for header string.h
==>
#include <string.h>

int main(int argc, char **argv) {
	(void)argc; (void)argv;
	return 0;
}

<==
[1/2] Compiling [32mbuild/.conf_check_83b6fa862015488988b396f85cd87531/test.cpp[0m

['/usr/bin/g++', '-std=c++0x', '-std=c++11', '-pedantic', '-Wall', '-O2', '-g', '-DHAVE_IS_DEFAULT_CONSTRUCTIBLE=1', '-DHAVE_IS_MOVE_CONSTRUCTIBLE=1', '-DHAVE_IS_MOVE_ASSIGNABLE=1', '../test.cpp', '-c', '-o', '/home/cs118/CS118-Project-SimpleBT/build/.conf_check_83b6fa862015488988b396f85cd87531/testbuild/test.cpp.1.o']
[2/2] Linking [33mbuild/.conf_check_83b6fa862015488988b396f85cd87531/testbuild/testprog[0m

['/usr/bin/g++', 'test.cpp.1.o', '-o', '/home/cs118/CS118-Project-SimpleBT/build/.conf_check_83b6fa862015488988b396f85cd87531/testbuild/testprog', '-Wl,-Bstatic', '-Wl,-Bdynamic']
yes
------------------------------------------
Checking for function memmem
==>
#include <string.h>

int main(int argc, char **argv) {
	void *p;
	(void)argc; (void)argv;
	p=(void*)(memmem);
	return 0;
}

<==
[1/2] Compiling [32mbuild/.conf_check_896b79e476d26df20ada804a86886dab/test.cpp[0m

['/usr/bin/g++', '-std=c++0x', '-std=c++11', '-pedantic', '-Wall', '-O2', '-g', '-DHAVE_IS_DEFAULT_CONSTRUCTIBLE=1', '-DHAVE_IS_MOVE_CONSTRUCTIBLE=1', '-DHAVE_IS_MOVE_ASSIGNABLE=1', '-DHAVE_STRING_H=1', '../test.cpp', '-c', '-o', '/home/cs118/CS118-Project-SimpleBT/build/.conf_check_896b79e476d26df20ada804a86886dab/testbuild/test.cpp.1.o']
err: ../test.cpp: In function â€˜int main(int, char**)â€™:
../test.cpp:6:18: warning: ISO C++ forbids casting between pointer-to-function and pointer-to-object [enabled by default]
  p=(void*)(memmem);
                  ^
../test.cpp:4:8: warning: variable â€˜pâ€™ set but not used [-Wunused-but-set-variable]
  void *p;
        ^

[2/2] Linking [33mbuild/.conf_check_896b79e476d26df20ada804a86886dab/testbuild/testprog[0m

['/usr/bin/g++', 'test.cpp.1.o', '-o', '/home/cs118/CS118-Project-SimpleBT/build/.conf_check_896b79e476d26df20ada804a86886dab/testbuild/testprog', '-Wl,-Bstatic', '-Wl,-Bdynamic']
yes
------------------------------------------
Checking for function stpncpy
==>
#include <string.h>

int main(int argc, char **argv) {
	void *p;
	(void)argc; (void)argv;
	p=(void*)(stpncpy);
	return 0;
}

<==
[1/2] Compiling [32mbuild/.conf_check_63a511f36183cc2f35d6cd22bcfe7cd1/test.cpp[0m

['/usr/bin/g++', '-std=c++0x', '-std=c++11', '-pedantic', '-Wall', '-O2', '-g', '-DHAVE_IS_DEFAULT_CONSTRUCTIBLE=1', '-DHAVE_IS_MOVE_CONSTRUCTIBLE=1', '-DHAVE_IS_MOVE_ASSIGNABLE=1', '-DHAVE_STRING_H=1', '-DHAVE_MEMMEM=1', '../test.cpp', '-c', '-o', '/home/cs118/CS118-Project-SimpleBT/build/.conf_check_63a511f36183cc2f35d6cd22bcfe7cd1/testbuild/test.cpp.1.o']
err: ../test.cpp: In function â€˜int main(int, char**)â€™:
../test.cpp:6:19: warning: ISO C++ forbids casting between pointer-to-function and pointer-to-object [enabled by default]
  p=(void*)(stpncpy);
                   ^
../test.cpp:4:8: warning: variable â€˜pâ€™ set but not used [-Wunused-but-set-variable]
  void *p;
        ^

[2/2] Linking [33mbuild/.conf_check_63a511f36183cc2f35d6cd22bcfe7cd1/testbuild/testprog[0m

['/usr/bin/g++', 'test.cpp.1.o', '-o', '/home/cs118/CS118-Project-SimpleBT/build/.conf_check_63a511f36183cc2f35d6cd22bcfe7cd1/testbuild/testprog', '-Wl,-Bstatic', '-Wl,-Bdynamic']
yes
------------------------------------------
Checking for library pthread
==>

int main(int argc, char **argv) {
	(void)argc; (void)argv;
	return 0;
}

<==
[1/2] Compiling [32mbuild/.conf_check_a98ff6fd710bd61735534ae82a040b56/test.cpp[0m

['/usr/bin/g++', '-std=c++0x', '-std=c++11', '-pedantic', '-Wall', '-O2', '-g', '-DHAVE_IS_DEFAULT_CONSTRUCTIBLE=1', '-DHAVE_IS_MOVE_CONSTRUCTIBLE=1', '-DHAVE_IS_MOVE_ASSIGNABLE=1', '-DHAVE_STRING_H=1', '-DHAVE_MEMMEM=1', '-DHAVE_STPNCPY=1', '../test.cpp', '-c', '-o', '/home/cs118/CS118-Project-SimpleBT/build/.conf_check_a98ff6fd710bd61735534ae82a040b56/testbuild/test.cpp.1.o']
[2/2] Linking [33mbuild/.conf_check_a98ff6fd710bd61735534ae82a040b56/testbuild/testprog[0m

['/usr/bin/g++', 'test.cpp.1.o', '-o', '/home/cs118/CS118-Project-SimpleBT/build/.conf_check_a98ff6fd710bd61735534ae82a040b56/testbuild/testprog', '-Wl,-Bstatic', '-Wl,-Bdynamic', '-lpthread']
yes
------------------------------------------
Checking Crypto++ lib
561
------------------------------------------
Checking if CryptoPP library works
==>
#include <cryptopp/config.h>

int main(int argc, char **argv) {
	(void)argc; (void)argv;
	return 0;
}

<==
[1/2] Compiling [32mbuild/.conf_check_1d54c984bca5328178a16521981fdcde/test.cpp[0m

['/usr/bin/g++', '-std=c++0x', '-std=c++11', '-pedantic', '-Wall', '-O2', '-g', '-I/usr/include', '-DHAVE_IS_DEFAULT_CONSTRUCTIBLE=1', '-DHAVE_IS_MOVE_CONSTRUCTIBLE=1', '-DHAVE_IS_MOVE_ASSIGNABLE=1', '-DHAVE_STRING_H=1', '-DHAVE_MEMMEM=1', '-DHAVE_STPNCPY=1', '-DHAVE_PTHREAD=1', '../test.cpp', '-c', '-o', '/home/cs118/CS118-Project-SimpleBT/build/.conf_check_1d54c984bca5328178a16521981fdcde/testbuild/test.cpp.1.o']
[2/2] Linking [33mbuild/.conf_check_1d54c984bca5328178a16521981fdcde/testbuild/testprog[0m

['/usr/bin/g++', 'test.cpp.1.o', '-o', '/home/cs118/CS118-Project-SimpleBT/build/.conf_check_1d54c984bca5328178a16521981fdcde/testbuild/testprog', '-Wl,-Bstatic', '-Wl,-Bdynamic', '-L/usr/lib', '-lcryptopp', '-lpthread']
yes
------------------------------------------
Checking boost includes
1.54.0
------------------------------------------
Checking boost libs
Found the boost path in /usr/lib/x86_64-linux-gnu with the libraries:
    /usr/lib/x86_64-linux-gnu/libboost_atomic.a
    /usr/lib/x86_64-linux-gnu/libboost_atomic.so
    /usr/lib/x86_64-linux-gnu/libboost_atomic.so.1.54.0
    /usr/lib/x86_64-linux-gnu/libboost_chrono.a
    /usr/lib/x86_64-linux-gnu/libboost_chrono.so
    /usr/lib/x86_64-linux-gnu/libboost_chrono.so.1.54.0
    /usr/lib/x86_64-linux-gnu/libboost_context.a
    /usr/lib/x86_64-linux-gnu/libboost_context.so
    /usr/lib/x86_64-linux-gnu/libboost_context.so.1.54.0
    /usr/lib/x86_64-linux-gnu/libboost_coroutine.a
    /usr/lib/x86_64-linux-gnu/libboost_date_time.a
    /usr/lib/x86_64-linux-gnu/libboost_date_time.so
    /usr/lib/x86_64-linux-gnu/libboost_date_time.so.1.54.0
    /usr/lib/x86_64-linux-gnu/libboost_exception.a
    /usr/lib/x86_64-linux-gnu/libboost_filesystem.a
    /usr/lib/x86_64-linux-gnu/libboost_filesystem.so
    /usr/lib/x86_64-linux-gnu/libboost_filesystem.so.1.54.0
    /usr/lib/x86_64-linux-gnu/libboost_graph.a
    /usr/lib/x86_64-linux-gnu/libboost_graph.so
    /usr/lib/x86_64-linux-gnu/libboost_graph.so.1.54.0
    /usr/lib/x86_64-linux-gnu/libboost_graph_parallel.a
    /usr/lib/x86_64-linux-gnu/libboost_graph_parallel.so
    /usr/lib/x86_64-linux-gnu/libboost_graph_parallel.so.1.54.0
    /usr/lib/x86_64-linux-gnu/libboost_iostreams.a
    /usr/lib/x86_64-linux-gnu/libboost_iostreams.so
    /usr/lib/x86_64-linux-gnu/libboost_iostreams.so.1.54.0
    /usr/lib/x86_64-linux-gnu/libboost_locale.a
    /usr/lib/x86_64-linux-gnu/libboost_locale.so
    /usr/lib/x86_64-linux-gnu/libboost_locale.so.1.54.0
    /usr/lib/x86_64-linux-gnu/libboost_log.a
    /usr/lib/x86_64-linux-gnu/libboost_log.so
    /usr/lib/x86_64-linux-gnu/libboost_log.so.1.54.0
    /usr/lib/x86_64-linux-gnu/libboost_log_setup.a
    /usr/lib/x86_64-linux-gnu/libboost_log_setup.so
    /usr/lib/x86_64-linux-gnu/libboost_log_setup.so.1.54.0
    /usr/lib/x86_64-linux-gnu/libboost_math_c99.a
    /usr/lib/x86_64-linux-gnu/libboost_math_c99.so
    /usr/lib/x86_64-linux-gnu/libboost_math_c99.so.1.54.0
    /usr/lib/x86_64-linux-gnu/libboost_math_c99f.a
    /usr/lib/x86_64-linux-gnu/libboost_math_c99f.so
    /usr/lib/x86_64-linux-gnu/libboost_math_c99f.so.1.54.0
    /usr/lib/x86_64-linux-gnu/libboost_math_c99l.a
    /usr/lib/x86_64-linux-gnu/libboost_math_c99l.so
    /usr/lib/x86_64-linux-gnu/libboost_math_c99l.so.1.54.0
    /usr/lib/x86_64-linux-gnu/libboost_math_tr1.a
    /usr/lib/x86_64-linux-gnu/libboost_math_tr1.so
    /usr/lib/x86_64-linux-gnu/libboost_math_tr1.so.1.54.0
    /usr/lib/x86_64-linux-gnu/libboost_math_tr1f.a
    /usr/lib/x86_64-linux-gnu/libboost_math_tr1f.so
    /usr/lib/x86_64-linux-gnu/libboost_math_tr1f.so.1.54.0
    /usr/lib/x86_64-linux-gnu/libboost_math_tr1l.a
    /usr/lib/x86_64-linux-gnu/libboost_math_tr1l.so
    /usr/lib/x86_64-linux-gnu/libboost_math_tr1l.so.1.54.0
    /usr/lib/x86_64-linux-gnu/libboost_mpi.a
    /usr/lib/x86_64-linux-gnu/libboost_mpi.so
    /usr/lib/x86_64-linux-gnu/libboost_mpi.so.1.54.0
    /usr/lib/x86_64-linux-gnu/libboost_mpi_python-py27.a
    /usr/lib/x86_64-linux-gnu/libboost_mpi_python-py27.so
    /usr/lib/x86_64-linux-gnu/libboost_mpi_python-py27.so.1.54.0
    /usr/lib/x86_64-linux-gnu/libboost_mpi_python-py34.a
    /usr/lib/x86_64-linux-gnu/libboost_mpi_python-py34.so
    /usr/lib/x86_64-linux-gnu/libboost_mpi_python-py34.so.1.54.0
    /usr/lib/x86_64-linux-gnu/libboost_mpi_python.a
    /usr/lib/x86_64-linux-gnu/libboost_mpi_python.so
    /usr/lib/x86_64-linux-gnu/libboost_prg_exec_monitor.a
    /usr/lib/x86_64-linux-gnu/libboost_prg_exec_monitor.so
    /usr/lib/x86_64-linux-gnu/libboost_prg_exec_monitor.so.1.54.0
    /usr/lib/x86_64-linux-gnu/libboost_program_options.a
    /usr/lib/x86_64-linux-gnu/libboost_program_options.so
    /usr/lib/x86_64-linux-gnu/libboost_program_options.so.1.54.0
    /usr/lib/x86_64-linux-gnu/libboost_python-py27.a
    /usr/lib/x86_64-linux-gnu/libboost_python-py27.so
    /usr/lib/x86_64-linux-gnu/libboost_python-py27.so.1.54.0
    /usr/lib/x86_64-linux-gnu/libboost_python-py34.a
    /usr/lib/x86_64-linux-gnu/libboost_python-py34.so
    /usr/lib/x86_64-linux-gnu/libboost_python-py34.so.1.54.0
    /usr/lib/x86_64-linux-gnu/libboost_python.a
    /usr/lib/x86_64-linux-gnu/libboost_python.so
    /usr/lib/x86_64-linux-gnu/libboost_random.a
    /usr/lib/x86_64-linux-gnu/libboost_random.so
    /usr/lib/x86_64-linux-gnu/libboost_random.so.1.54.0
    /usr/lib/x86_64-linux-gnu/libboost_regex.a
    /usr/lib/x86_64-linux-gnu/libboost_regex.so
    /usr/lib/x86_64-linux-gnu/libboost_regex.so.1.54.0
    /usr/lib/x86_64-linux-gnu/libboost_serialization.a
    /usr/lib/x86_64-linux-gnu/libboost_serialization.so
    /usr/lib/x86_64-linux-gnu/libboost_serialization.so.1.54.0
    /usr/lib/x86_64-linux-gnu/libboost_signals.a
    /usr/lib/x86_64-linux-gnu/libboost_signals.so
    /usr/lib/x86_64-linux-gnu/libboost_signals.so.1.54.0
    /usr/lib/x86_64-linux-gnu/libboost_system.a
    /usr/lib/x86_64-linux-gnu/libboost_system.so
    /usr/lib/x86_64-linux-gnu/libboost_system.so.1.54.0
    /usr/lib/x86_64-linux-gnu/libboost_test_exec_monitor.a
    /usr/lib/x86_64-linux-gnu/libboost_thread.a
    /usr/lib/x86_64-linux-gnu/libboost_thread.so
    /usr/lib/x86_64-linux-gnu/libboost_thread.so.1.54.0
    /usr/lib/x86_64-linux-gnu/libboost_timer.a
    /usr/lib/x86_64-linux-gnu/libboost_timer.so
    /usr/lib/x86_64-linux-gnu/libboost_timer.so.1.54.0
    /usr/lib/x86_64-linux-gnu/libboost_unit_test_framework.a
    /usr/lib/x86_64-linux-gnu/libboost_unit_test_framework.so
    /usr/lib/x86_64-linux-gnu/libboost_unit_test_framework.so.1.54.0
    /usr/lib/x86_64-linux-gnu/libboost_wave.a
    /usr/lib/x86_64-linux-gnu/libboost_wave.so
    /usr/lib/x86_64-linux-gnu/libboost_wave.so.1.54.0
    /usr/lib/x86_64-linux-gnu/libboost_wserialization.a
    /usr/lib/x86_64-linux-gnu/libboost_wserialization.so
    /usr/lib/x86_64-linux-gnu/libboost_wserialization.so.1.54.0
Trying pattern boost_system(-gcc[0-9]{0,3})+(-1_54)+
Trying pattern boost_system(-1_54)+
Trying pattern boost_system(-1_54)+
Trying pattern boost_system(-gcc[0-9]{0,3})+
Trying pattern boost_system
Found boost lib libboost_system.a
Trying pattern boost_iostreams(-gcc[0-9]{0,3})+(-1_54)+
Trying pattern boost_iostreams(-1_54)+
Trying pattern boost_iostreams(-1_54)+
Trying pattern boost_iostreams(-gcc[0-9]{0,3})+
Trying pattern boost_iostreams
Found boost lib libboost_iostreams.a
Trying pattern boost_filesystem(-gcc[0-9]{0,3})+(-1_54)+
Trying pattern boost_filesystem(-1_54)+
Trying pattern boost_filesystem(-1_54)+
Trying pattern boost_filesystem(-gcc[0-9]{0,3})+
Trying pattern boost_filesystem
Found boost lib libboost_filesystem.a
Trying pattern boost_unit_test_framework(-gcc[0-9]{0,3})+(-1_54)+
Trying pattern boost_unit_test_framework(-1_54)+
Trying pattern boost_unit_test_framework(-1_54)+
Trying pattern boost_unit_test_framework(-gcc[0-9]{0,3})+
Trying pattern boost_unit_test_framework
Found boost lib libboost_unit_test_framework.a
ok
------------------------------------------
Checking for boost linkage
==>

#include <boost/system/error_code.hpp>
int main() { boost::system::error_code c; }

<==
[1/2] Compiling [32mbuild/.conf_check_bcf1a94768b70639258d839fefce7521/test.cpp[0m

['/usr/bin/g++', '-std=c++0x', '-std=c++11', '-pedantic', '-Wall', '-O2', '-g', '-I/usr/include', '-DHAVE_IS_DEFAULT_CONSTRUCTIBLE=1', '-DHAVE_IS_MOVE_CONSTRUCTIBLE=1', '-DHAVE_IS_MOVE_ASSIGNABLE=1', '-DHAVE_STRING_H=1', '-DHAVE_MEMMEM=1', '-DHAVE_STPNCPY=1', '-DHAVE_PTHREAD=1', '-DHAVE_CRYPTOPP_CONFIG_H=1', '-DHAVE_TESTS=1', '../test.cpp', '-c', '-o', '/home/cs118/CS118-Project-SimpleBT/build/.conf_check_bcf1a94768b70639258d839fefce7521/testbuild/test.cpp.1.o']
[2/2] Linking [33mbuild/.conf_check_bcf1a94768b70639258d839fefce7521/testbuild/testprog[0m

['/usr/bin/g++', 'test.cpp.1.o', '-o', '/home/cs118/CS118-Project-SimpleBT/build/.conf_check_bcf1a94768b70639258d839fefce7521/testbuild/testprog', '-Wl,-Bstatic', '-Wl,-Bdynamic', '-L/usr/lib/x86_64-linux-gnu', '-lboost_system', '-lboost_iostreams', '-lboost_filesystem', '-lboost_unit_test_framework']
ok
